<?xml version="1.0" encoding="UTF-8"?>
<testsuite xmlns:xsi="http://www.w3.org/2001/XMLSchema-instance" xsi:noNamespaceSchemaLocation="https://maven.apache.org/surefire/maven-surefire-plugin/xsd/surefire-test-report-3.0.xsd" version="3.0" name="com.pdf.PdfSegmentTest" time="1.82" tests="4" errors="0" skipped="0" failures="0">
  <properties>
    <property name="java.specification.version" value="17"/>
    <property name="sun.cpu.isalist" value="amd64"/>
    <property name="sun.jnu.encoding" value="Cp1252"/>
    <property name="java.class.path" value="C:\Users\vhora\OneDrive\Documents\Task_Scoreme_PdfSegement\PdfSegement\target\test-classes;C:\Users\vhora\OneDrive\Documents\Task_Scoreme_PdfSegement\PdfSegement\target\classes;C:\Users\vhora\.m2\repository\org\apache\pdfbox\pdfbox\2.0.28\pdfbox-2.0.28.jar;C:\Users\vhora\.m2\repository\org\apache\pdfbox\fontbox\2.0.28\fontbox-2.0.28.jar;C:\Users\vhora\.m2\repository\commons-logging\commons-logging\1.2\commons-logging-1.2.jar;C:\Users\vhora\.m2\repository\junit\junit\4.13.2\junit-4.13.2.jar;C:\Users\vhora\.m2\repository\org\hamcrest\hamcrest-core\1.3\hamcrest-core-1.3.jar;"/>
    <property name="java.vm.vendor" value="Oracle Corporation"/>
    <property name="sun.arch.data.model" value="64"/>
    <property name="user.variant" value=""/>
    <property name="java.vendor.url" value="https://java.oracle.com/"/>
    <property name="user.timezone" value="Asia/Calcutta"/>
    <property name="os.name" value="Windows 11"/>
    <property name="java.vm.specification.version" value="17"/>
    <property name="sun.java.launcher" value="SUN_STANDARD"/>
    <property name="user.country" value="IN"/>
    <property name="sun.boot.library.path" value="C:\Program Files\Java\jdk-17\bin"/>
    <property name="sun.java.command" value="C:\Users\vhora\AppData\Local\Temp\surefire12947263625395236742\surefirebooter-20240918225631896_3.jar C:\Users\vhora\AppData\Local\Temp\surefire12947263625395236742 2024-09-18T22-56-31_696-jvmRun1 surefire-20240918225631896_1tmp surefire_0-20240918225631896_2tmp"/>
    <property name="jdk.debug" value="release"/>
    <property name="surefire.test.class.path" value="C:\Users\vhora\OneDrive\Documents\Task_Scoreme_PdfSegement\PdfSegement\target\test-classes;C:\Users\vhora\OneDrive\Documents\Task_Scoreme_PdfSegement\PdfSegement\target\classes;C:\Users\vhora\.m2\repository\org\apache\pdfbox\pdfbox\2.0.28\pdfbox-2.0.28.jar;C:\Users\vhora\.m2\repository\org\apache\pdfbox\fontbox\2.0.28\fontbox-2.0.28.jar;C:\Users\vhora\.m2\repository\commons-logging\commons-logging\1.2\commons-logging-1.2.jar;C:\Users\vhora\.m2\repository\junit\junit\4.13.2\junit-4.13.2.jar;C:\Users\vhora\.m2\repository\org\hamcrest\hamcrest-core\1.3\hamcrest-core-1.3.jar;"/>
    <property name="sun.cpu.endian" value="little"/>
    <property name="user.home" value="C:\Users\vhora"/>
    <property name="user.language" value="en"/>
    <property name="java.specification.vendor" value="Oracle Corporation"/>
    <property name="java.version.date" value="2023-10-17"/>
    <property name="java.home" value="C:\Program Files\Java\jdk-17"/>
    <property name="file.separator" value="\"/>
    <property name="style.color" value="always"/>
    <property name="basedir" value="C:\Users\vhora\OneDrive\Documents\Task_Scoreme_PdfSegement\PdfSegement"/>
    <property name="java.vm.compressedOopsMode" value="32-bit"/>
    <property name="line.separator" value="&#10;"/>
    <property name="java.vm.specification.vendor" value="Oracle Corporation"/>
    <property name="java.specification.name" value="Java Platform API Specification"/>
    <property name="surefire.real.class.path" value="C:\Users\vhora\AppData\Local\Temp\surefire12947263625395236742\surefirebooter-20240918225631896_3.jar"/>
    <property name="user.script" value=""/>
    <property name="sun.management.compiler" value="HotSpot 64-Bit Tiered Compilers"/>
    <property name="java.runtime.version" value="17.0.9+11-LTS-201"/>
    <property name="user.name" value="vhora"/>
    <property name="path.separator" value=";"/>
    <property name="os.version" value="10.0"/>
    <property name="java.runtime.name" value="Java(TM) SE Runtime Environment"/>
    <property name="file.encoding" value="Cp1252"/>
    <property name="java.vm.name" value="Java HotSpot(TM) 64-Bit Server VM"/>
    <property name="localRepository" value="C:\Users\vhora\.m2\repository"/>
    <property name="java.vendor.url.bug" value="https://bugreport.java.com/bugreport/"/>
    <property name="java.io.tmpdir" value="C:\Users\vhora\AppData\Local\Temp\"/>
    <property name="java.version" value="17.0.9"/>
    <property name="user.dir" value="C:\Users\vhora\OneDrive\Documents\Task_Scoreme_PdfSegement\PdfSegement"/>
    <property name="os.arch" value="amd64"/>
    <property name="java.vm.specification.name" value="Java Virtual Machine Specification"/>
    <property name="sun.os.patch.level" value=""/>
    <property name="native.encoding" value="Cp1252"/>
    <property name="java.library.path" value="C:\Program Files\Java\jdk-17\bin;C:\WINDOWS\Sun\Java\bin;C:\WINDOWS\system32;C:\WINDOWS;C:\app\vhora\product\21c\dbhomeXE\bin;C:\Program Files\Common Files\Oracle\Java\javapath;C:\Python311\Scripts\;C:\Python311\;C:\ProgramData\Anaconda3;C:\ProgramData\Anaconda3\Library\mingw-w64\bin;C:\ProgramData\Anaconda3\Library\usr\bin;C:\ProgramData\Anaconda3\Library\bin;C:\ProgramData\Anaconda3\Scripts;C:\Program Files (x86)\Common Files\Oracle\Java\javapath;C:\WINDOWS\system32;C:\WINDOWS;C:\WINDOWS\System32\Wbem;C:\WINDOWS\System32\WindowsPowerShell\v1.0\;C:\WINDOWS\System32\OpenSSH\;C:\MinGW\bin;C:\Program Files\Dart\dart-sdk\bin;C:\Program Files\Git\cmd;C:\ProgramData\chocolatey\bin;C:\Users\vhora\Downloads\sqljdbc_12.6.3.0_enu\sqljdbc_12.6\enu\auth\x64;C:\Users\vhora\Downloads\sqljdbc_12.4.2.0_enu\sqljdbc_12.4\enu\auth\x64C:\Users\vhora\Downloads\sqljdbc_12.4.2.0_enu\sqljdbc_12.4\enu\auth\x64;C:\Program Files\Docker\Docker\resources\bin;C:\Program Files\MongoDB\mongosh-2.2.10-win32-x64\bin;C:\Program Files\nodejs\;C:\Program Files\PowerShell\7\;C:\Users\vhora\anaconda3;C:\Users\vhora\anaconda3\Library\mingw-w64\bin;C:\Users\vhora\anaconda3\Library\usr\bin;C:\Users\vhora\anaconda3\Library\bin;C:\Users\vhora\anaconda3\Scripts;C:\Users\vhora\AppData\Local\Microsoft\WindowsApps;C:\Users\vhora\AppData\Local\GitHubDesktop\bin;C:\MinGW\bin;C:\Program Files\Java\jdk-17\bin;C:\Program Files\JetBrains\IntelliJ IDEA Community Edition 2023.3.1\bin;C:\MinGW\bin;C:\Users\vhora\AppData\Local\JetBrains\Toolbox\scripts;C:\Users\vhora\AppData\Local\Programs\Microsoft VS Code\bin;C:\Users\vhora\AppData\Local\JetBrains\IntelliJ IDEA 2024.1.4\bin;;C:\Program Files\JetBrains\IntelliJ IDEA Community Edition 2024.1.4\bin;;C:\Users\vhora\AppData\Roaming\npm;."/>
    <property name="java.vm.info" value="mixed mode, sharing"/>
    <property name="java.vendor" value="Oracle Corporation"/>
    <property name="java.vm.version" value="17.0.9+11-LTS-201"/>
    <property name="sun.io.unicode.encoding" value="UnicodeLittle"/>
    <property name="java.class.version" value="61.0"/>
  </properties>
  <testcase name="testDetectWhitespaceGaps" classname="com.pdf.PdfSegmentTest" time="1.074"/>
  <testcase name="testCreateSegmentedPDFs" classname="com.pdf.PdfSegmentTest" time="0.347"/>
  <testcase name="testIdentifyCutPoints" classname="com.pdf.PdfSegmentTest" time="0.252">
    <system-out><![CDATA[Cut Points: [739, 612, 589]
]]></system-out>
  </testcase>
  <testcase name="testErrorHandlingWithInvalidPDF" classname="com.pdf.PdfSegmentTest" time="0.026"/>
</testsuite>